{"level":"error","message":"Error populating database: connect ECONNREFUSED ::1:27017, connect ECONNREFUSED 127.0.0.1:27017","reason":{"commonWireVersion":0,"compatible":true,"heartbeatFrequencyMS":10000,"localThresholdMS":15,"logicalSessionTimeoutMinutes":null,"maxElectionId":null,"maxSetVersion":null,"servers":{},"setName":null,"stale":false,"type":"Unknown"},"stack":"MongooseServerSelectionError: connect ECONNREFUSED ::1:27017, connect ECONNREFUSED 127.0.0.1:27017\n    at _handleConnectionErrors (C:\\Users\\User\\Documents\\Eshaan\\crypto-crash\\node_modules\\mongoose\\lib\\connection.js:816:11)\n    at NativeConnection.openUri (C:\\Users\\User\\Documents\\Eshaan\\crypto-crash\\node_modules\\mongoose\\lib\\connection.js:791:11)\n    at async populateDatabase (C:\\Users\\User\\Documents\\Eshaan\\crypto-crash\\scripts\\populateDb.js:8:9)","timestamp":"2025-05-10T07:29:55.239Z"}
{"level":"info","message":"Server running on port 3000","timestamp":"2025-05-10T07:30:41.763Z"}
{"level":"info","message":"Server running on port 3000","timestamp":"2025-05-10T07:49:19.840Z"}
{"level":"info","message":"Server running on port 3000","timestamp":"2025-05-10T07:50:35.105Z"}
{"level":"info","message":"Server running on port 3000","timestamp":"2025-05-10T07:56:40.852Z"}
{"level":"info","message":"Connected to MongoDB","timestamp":"2025-05-10T07:56:41.059Z"}
{"level":"info","message":"Server running on port 3000","timestamp":"2025-05-10T07:59:16.765Z"}
{"level":"info","message":"Connected to MongoDB","timestamp":"2025-05-10T07:59:16.957Z"}
{"level":"info","message":"Server running on port 3000","timestamp":"2025-05-10T07:59:41.687Z"}
{"level":"info","message":"Connected to MongoDB","timestamp":"2025-05-10T07:59:41.870Z"}
{"level":"info","message":"Connected to MongoDB","timestamp":"2025-05-10T08:00:14.868Z"}
{"level":"info","message":"Created wallet for player1","timestamp":"2025-05-10T08:00:14.991Z"}
{"level":"info","message":"Created wallet for player2","timestamp":"2025-05-10T08:00:15.001Z"}
{"level":"info","message":"Created wallet for player3","timestamp":"2025-05-10T08:00:15.011Z"}
{"level":"info","message":"Database populated successfully","timestamp":"2025-05-10T08:00:15.011Z"}
{"level":"info","message":"Server running on port 3000","timestamp":"2025-05-10T08:08:43.271Z"}
{"level":"info","message":"Connected to MongoDB","timestamp":"2025-05-10T08:08:43.488Z"}
{"level":"info","message":"Server running on port 3000","timestamp":"2025-05-10T10:34:21.421Z"}
{"level":"info","message":"Connected to MongoDB","timestamp":"2025-05-10T10:34:21.662Z"}
{"level":"info","message":"Server running on port 3000","timestamp":"2025-05-10T14:45:01.127Z"}
{"level":"info","message":"Connected to MongoDB","timestamp":"2025-05-10T14:45:01.394Z"}
{"level":"info","message":"Server running on port 3000","timestamp":"2025-05-10T14:45:58.446Z"}
{"level":"info","message":"Connected to MongoDB","timestamp":"2025-05-10T14:45:58.651Z"}
{"level":"info","message":"New client connected","timestamp":"2025-05-10T15:24:52.851Z"}
{"level":"info","message":"Client disconnected","timestamp":"2025-05-10T15:27:09.147Z"}
{"level":"info","message":"New client connected","timestamp":"2025-05-10T15:27:20.742Z"}
{"level":"info","message":"Client disconnected","timestamp":"2025-05-10T15:27:27.246Z"}
{"level":"info","message":"New client connected","timestamp":"2025-05-10T15:27:27.352Z"}
{"level":"info","message":"Client disconnected","timestamp":"2025-05-10T15:28:20.322Z"}
{"level":"info","message":"New client connected","timestamp":"2025-05-10T15:28:20.430Z"}
{"level":"info","message":"Server running on port 3000","timestamp":"2025-05-10T15:44:47.463Z"}
{"level":"info","message":"Connected to MongoDB","timestamp":"2025-05-10T15:44:47.664Z"}
{"level":"info","message":"New client connected","timestamp":"2025-05-10T15:44:56.924Z"}
{"level":"info","message":"Server running on port 3000","timestamp":"2025-05-10T15:47:22.465Z"}
{"level":"info","message":"Connected to MongoDB","timestamp":"2025-05-10T15:47:22.680Z"}
{"level":"info","message":"New client connected","timestamp":"2025-05-10T15:47:30.892Z"}
{"level":"info","message":"Server running on port 3000","timestamp":"2025-05-10T15:52:16.828Z"}
{"level":"info","message":"Connected to MongoDB","timestamp":"2025-05-10T15:52:17.053Z"}
{"level":"info","message":"New client connected","timestamp":"2025-05-10T15:52:20.289Z"}
